Arguments: 
  C:\Program Files\nodejs\node.exe C:\Program Files (x86)\Yarn\bin\yarn.js init

PATH: 
  C:\ProgramData\DockerDesktop\version-bin;C:\Program Files\Docker\Docker\Resources\bin;C:\ProgramData\Oracle\Java\javapath;C:\Windows\system32;C:\Windows;C:\Windows\System32\Wbem;C:\Windows\System32\WindowsPowerShell\v1.0\;C:\Program Files (x86)\NVIDIA Corporation\PhysX\Common;C:\WINDOWS\system32;C:\WINDOWS;C:\WINDOWS\System32\Wbem;C:\WINDOWS\System32\WindowsPowerShell\v1.0\;C:\Program Files\Microsoft SQL Server\110\Tools\Binn\;C:\Program Files (x86)\GtkSharp\2.12\bin;E:\opencv\build\x86\vc12\bin;D:\Hugo\bin;C:\Program Files\Git\cmd;E:\opencv\build\x64\vc14\bin;D:\MongoDB\bin;C:\Program Files\Java\jdk1.8.0_92\bin;C:\Program Files\Java\jdk1.8.0_92\jre\bin;C:\Program Files (x86)\GnuWin32\bin;C:\Program Files\TortoiseGit\bin;C:\WINDOWS\System32\OpenSSH\;C:\Program Files (x86)\Yarn\bin\;C:\Program Files\NVIDIA Corporation\NVIDIA NvDLISR;D:\adb;C:\Program Files\Microsoft VS Code\bin;C:\WINDOWS\system32;C:\WINDOWS;C:\WINDOWS\System32\Wbem;C:\WINDOWS\System32\WindowsPowerShell\v1.0\;C:\WINDOWS\System32\OpenSSH\;C:\Program Files\nodejs\;C:\Users\wang\AppData\Local\Microsoft\WindowsApps;C:\Python27;C:\Python27\Scripts;C:\wamp64\bin\php\php5.6.25;C:\Program Files (x86)\Microsoft VS Code\bin;C:\Users\wang\AppData\Local\Android\sdk\platform-tools;C:\Users\wang\AppData\Local\Android\sdk\tools;C:\Users\wang\AppData\Local\Programs\Microsoft VS Code\bin;C:\Users\wang\AppData\Local\now-cli;C:\Users\wang\AppData\Local\Yarn\bin;C:\Users\wang\AppData\Local\BypassRuntm;C:\Users\wang\AppData\Roaming\npm

Yarn version: 
  1.10.1

Node version: 
  10.16.2

Platform: 
  win32 x64

Trace: 
  Error: canceled
      at Interface.<anonymous> (C:\Program Files (x86)\Yarn\lib\cli.js:116426:13)
      at Interface.emit (events.js:198:13)
      at Interface._ttyWrite (readline.js:801:16)
      at ReadStream.onkeypress (readline.js:184:10)
      at ReadStream.emit (events.js:198:13)
      at emitKeys (internal/readline.js:424:14)
      at emitKeys.next (<anonymous>)
      at ReadStream.onData (readline.js:1075:36)
      at ReadStream.emit (events.js:198:13)
      at addChunk (_stream_readable.js:288:12)

npm manifest: 
  {
    "name": "promise",
    "version": "1.0.0",
    "main": "index.js",
    "license": "MIT",
    "scripts": {
      "test": "run-my-own-tests && promises-aplus-tests index.js"
    },
    "devDependencies": {
      "promises-aplus-tests": "^2.1.2"
    }
  }

yarn manifest: 
  No manifest

Lockfile: 
  # THIS IS AN AUTOGENERATED FILE. DO NOT EDIT THIS FILE DIRECTLY.
  # yarn lockfile v1
  
  
  commander@0.6.1:
    version "0.6.1"
    resolved "https://registry.npm.taobao.org/commander/download/commander-0.6.1.tgz?cache=0&sync_timestamp=1572603184853&other_urls=https%3A%2F%2Fregistry.npm.taobao.org%2Fcommander%2Fdownload%2Fcommander-0.6.1.tgz#fa68a14f6a945d54dbbe50d8cdb3320e9e3b1a06"
    integrity sha1-+mihT2qUXVTbvlDYzbMyDp47GgY=
  
  commander@2.3.0:
    version "2.3.0"
    resolved "https://registry.npm.taobao.org/commander/download/commander-2.3.0.tgz?cache=0&sync_timestamp=1572603184853&other_urls=https%3A%2F%2Fregistry.npm.taobao.org%2Fcommander%2Fdownload%2Fcommander-2.3.0.tgz#fd430e889832ec353b9acd1de217c11cb3eef873"
    integrity sha1-/UMOiJgy7DU7ms0d4hfBHLPu+HM=
  
  debug@2.2.0:
    version "2.2.0"
    resolved "https://registry.npm.taobao.org/debug/download/debug-2.2.0.tgz#f87057e995b1a1f6ae6a4960664137bc56f039da"
    integrity sha1-+HBX6ZWxofauaklgZkE3vFbwOdo=
    dependencies:
      ms "0.7.1"
  
  define-properties@^1.1.3:
    version "1.1.3"
    resolved "https://registry.npm.taobao.org/define-properties/download/define-properties-1.1.3.tgz#cf88da6cbee26fe6db7094f61d870cbd84cee9f1"
    integrity sha1-z4jabL7ib+bbcJT2HYcMvYTO6fE=
    dependencies:
      object-keys "^1.0.12"
  
  diff@1.4.0:
    version "1.4.0"
    resolved "https://registry.npm.taobao.org/diff/download/diff-1.4.0.tgz#7f28d2eb9ee7b15a97efd89ce63dcfdaa3ccbabf"
    integrity sha1-fyjS657nsVqX79ic5j3P2qPMur8=
  
  es-abstract@^1.12.0:
    version "1.16.0"
    resolved "https://registry.npm.taobao.org/es-abstract/download/es-abstract-1.16.0.tgz?cache=0&sync_timestamp=1571460473447&other_urls=https%3A%2F%2Fregistry.npm.taobao.org%2Fes-abstract%2Fdownload%2Fes-abstract-1.16.0.tgz#d3a26dc9c3283ac9750dca569586e976d9dcc06d"
    integrity sha1-06JtycMoOsl1DcpWlYbpdtncwG0=
    dependencies:
      es-to-primitive "^1.2.0"
      function-bind "^1.1.1"
      has "^1.0.3"
      has-symbols "^1.0.0"
      is-callable "^1.1.4"
      is-regex "^1.0.4"
      object-inspect "^1.6.0"
      object-keys "^1.1.1"
      string.prototype.trimleft "^2.1.0"
      string.prototype.trimright "^2.1.0"
  
  es-to-primitive@^1.2.0:
    version "1.2.0"
    resolved "https://registry.npm.taobao.org/es-to-primitive/download/es-to-primitive-1.2.0.tgz#edf72478033456e8dda8ef09e00ad9650707f377"
    integrity sha1-7fckeAM0VujdqO8J4ArZZQcH83c=
    dependencies:
      is-callable "^1.1.4"
      is-date-object "^1.0.1"
      is-symbol "^1.0.2"
  
  escape-string-regexp@1.0.2:
    version "1.0.2"
    resolved "https://registry.npm.taobao.org/escape-string-regexp/download/escape-string-regexp-1.0.2.tgz?cache=0&other_urls=https%3A%2F%2Fregistry.npm.taobao.org%2Fescape-string-regexp%2Fdownload%2Fescape-string-regexp-1.0.2.tgz#4dbc2fe674e71949caf3fb2695ce7f2dc1d9a8d1"
    integrity sha1-Tbwv5nTnGUnK8/smlc5/LcHZqNE=
  
  formatio@1.1.1:
    version "1.1.1"
    resolved "https://registry.npm.taobao.org/formatio/download/formatio-1.1.1.tgz#5ed3ccd636551097383465d996199100e86161e9"
    integrity sha1-XtPM1jZVEJc4NGXZlhmRAOhhYek=
    dependencies:
      samsam "~1.1"
  
  function-bind@^1.1.1:
    version "1.1.1"
    resolved "https://registry.npm.taobao.org/function-bind/download/function-bind-1.1.1.tgz#a56899d3ea3c9bab874bb9773b7c5ede92f4895d"
    integrity sha1-pWiZ0+o8m6uHS7l3O3xe3pL0iV0=
  
  glob@3.2.11:
    version "3.2.11"
    resolved "https://registry.npm.taobao.org/glob/download/glob-3.2.11.tgz#4a973f635b9190f715d10987d5c00fd2815ebe3d"
    integrity sha1-Spc/Y1uRkPcV0QmH1cAP0oFevj0=
    dependencies:
      inherits "2"
      minimatch "0.3"
  
  growl@1.9.2:
    version "1.9.2"
    resolved "https://registry.npm.taobao.org/growl/download/growl-1.9.2.tgz#0ea7743715db8d8de2c5ede1775e1b45ac85c02f"
    integrity sha1-Dqd0NxXbjY3ixe3hd14bRayFwC8=
  
  has-symbols@^1.0.0:
    version "1.0.0"
    resolved "https://registry.npm.taobao.org/has-symbols/download/has-symbols-1.0.0.tgz#ba1a8f1af2a0fc39650f5c850367704122063b44"
    integrity sha1-uhqPGvKg/DllD1yFA2dwQSIGO0Q=
  
  has@^1.0.1, has@^1.0.3:
    version "1.0.3"
    resolved "https://registry.npm.taobao.org/has/download/has-1.0.3.tgz#722d7cbfc1f6aa8241f16dd814e011e1f41e8796"
    integrity sha1-ci18v8H2qoJB8W3YFOAR4fQeh5Y=
    dependencies:
      function-bind "^1.1.1"
  
  inherits@2, inherits@^2.0.3:
    version "2.0.4"
    resolved "https://registry.npm.taobao.org/inherits/download/inherits-2.0.4.tgz?cache=0&other_urls=https%3A%2F%2Fregistry.npm.taobao.org%2Finherits%2Fdownload%2Finherits-2.0.4.tgz#0fa2c64f932917c3433a0ded55363aae37416b7c"
    integrity sha1-D6LGT5MpF8NDOg3tVTY6rjdBa3w=
  
  is-arguments@^1.0.4:
    version "1.0.4"
    resolved "https://registry.npm.taobao.org/is-arguments/download/is-arguments-1.0.4.tgz#3faf966c7cba0ff437fb31f6250082fcf0448cf3"
    integrity sha1-P6+WbHy6D/Q3+zH2JQCC/PBEjPM=
  
  is-callable@^1.1.4:
    version "1.1.4"
    resolved "https://registry.npm.taobao.org/is-callable/download/is-callable-1.1.4.tgz#1e1adf219e1eeb684d691f9d6a05ff0d30a24d75"
    integrity sha1-HhrfIZ4e62hNaR+dagX/DTCiTXU=
  
  is-date-object@^1.0.1:
    version "1.0.1"
    resolved "https://registry.npm.taobao.org/is-date-object/download/is-date-object-1.0.1.tgz#9aa20eb6aeebbff77fbd33e74ca01b33581d3a16"
    integrity sha1-mqIOtq7rv/d/vTPnTKAbM1gdOhY=
  
  is-generator-function@^1.0.7:
    version "1.0.7"
    resolved "https://registry.npm.taobao.org/is-generator-function/download/is-generator-function-1.0.7.tgz#d2132e529bb0000a7f80794d4bdf5cd5e5813522"
    integrity sha1-0hMuUpuwAAp/gHlNS99c1eWBNSI=
  
  is-regex@^1.0.4:
    version "1.0.4"
    resolved "https://registry.npm.taobao.org/is-regex/download/is-regex-1.0.4.tgz#5517489b547091b0930e095654ced25ee97e9491"
    integrity sha1-VRdIm1RwkbCTDglWVM7SXul+lJE=
    dependencies:
      has "^1.0.1"
  
  is-symbol@^1.0.2:
    version "1.0.2"
    resolved "https://registry.npm.taobao.org/is-symbol/download/is-symbol-1.0.2.tgz#a055f6ae57192caee329e7a860118b497a950f38"
    integrity sha1-oFX2rlcZLK7jKeeoYBGLSXqVDzg=
    dependencies:
      has-symbols "^1.0.0"
  
  jade@0.26.3:
    version "0.26.3"
    resolved "https://registry.npm.taobao.org/jade/download/jade-0.26.3.tgz#8f10d7977d8d79f2f6ff862a81b0513ccb25686c"
    integrity sha1-jxDXl32NefL2/4YqgbBRPMslaGw=
    dependencies:
      commander "0.6.1"
      mkdirp "0.3.0"
  
  lolex@1.3.2:
    version "1.3.2"
    resolved "https://registry.npm.taobao.org/lolex/download/lolex-1.3.2.tgz?cache=0&sync_timestamp=1571658868278&other_urls=https%3A%2F%2Fregistry.npm.taobao.org%2Flolex%2Fdownload%2Flolex-1.3.2.tgz#7c3da62ffcb30f0f5a80a2566ca24e45d8a01f31"
    integrity sha1-fD2mL/yzDw9agKJWbKJORdigHzE=
  
  lru-cache@2:
    version "2.7.3"
    resolved "https://registry.npm.taobao.org/lru-cache/download/lru-cache-2.7.3.tgz#6d4524e8b955f95d4f5b58851ce21dd72fb4e952"
    integrity sha1-bUUk6LlV+V1PW1iFHOId1y+06VI=
  
  minimatch@0.3:
    version "0.3.0"
    resolved "https://registry.npm.taobao.org/minimatch/download/minimatch-0.3.0.tgz?cache=0&other_urls=https%3A%2F%2Fregistry.npm.taobao.org%2Fminimatch%2Fdownload%2Fminimatch-0.3.0.tgz#275d8edaac4f1bb3326472089e7949c8394699dd"
    integrity sha1-J12O2qxPG7MyZHIInnlJyDlGmd0=
    dependencies:
      lru-cache "2"
      sigmund "~1.0.0"
  
  minimist@0.0.8:
    version "0.0.8"
    resolved "https://registry.npm.taobao.org/minimist/download/minimist-0.0.8.tgz#857fcabfc3397d2625b8228262e86aa7a011b05d"
    integrity sha1-hX/Kv8M5fSYluCKCYuhqp6ARsF0=
  
  mkdirp@0.3.0:
    version "0.3.0"
    resolved "https://registry.npm.taobao.org/mkdirp/download/mkdirp-0.3.0.tgz#1bbf5ab1ba827af23575143490426455f481fe1e"
    integrity sha1-G79asbqCevI1dRQ0kEJkVfSB/h4=
  
  mkdirp@0.5.1:
    version "0.5.1"
    resolved "https://registry.npm.taobao.org/mkdirp/download/mkdirp-0.5.1.tgz#30057438eac6cf7f8c4767f38648d6697d75c903"
    integrity sha1-MAV0OOrGz3+MR2fzhkjWaX11yQM=
    dependencies:
      minimist "0.0.8"
  
  mocha@^2.5.3:
    version "2.5.3"
    resolved "https://registry.npm.taobao.org/mocha/download/mocha-2.5.3.tgz?cache=0&sync_timestamp=1571429547252&other_urls=https%3A%2F%2Fregistry.npm.taobao.org%2Fmocha%2Fdownload%2Fmocha-2.5.3.tgz#161be5bdeb496771eb9b35745050b622b5aefc58"
    integrity sha1-FhvlvetJZ3HrmzV0UFC2IrWu/Fg=
    dependencies:
      commander "2.3.0"
      debug "2.2.0"
      diff "1.4.0"
      escape-string-regexp "1.0.2"
      glob "3.2.11"
      growl "1.9.2"
      jade "0.26.3"
      mkdirp "0.5.1"
      supports-color "1.2.0"
      to-iso-string "0.0.2"
  
  ms@0.7.1:
    version "0.7.1"
    resolved "https://registry.npm.taobao.org/ms/download/ms-0.7.1.tgz#9cd13c03adbff25b65effde7ce864ee952017098"
    integrity sha1-nNE8A62/8ltl7/3nzoZO6VIBcJg=
  
  object-inspect@^1.6.0:
    version "1.6.0"
    resolved "https://registry.npm.taobao.org/object-inspect/download/object-inspect-1.6.0.tgz#c70b6cbf72f274aab4c34c0c82f5167bf82cf15b"
    integrity sha1-xwtsv3LydKq0w0wMgvUWe/gs8Vs=
  
  object-keys@^1.0.12, object-keys@^1.1.1:
    version "1.1.1"
    resolved "https://registry.npm.taobao.org/object-keys/download/object-keys-1.1.1.tgz#1c47f272df277f3b1daf061677d9c82e2322c60e"
    integrity sha1-HEfyct8nfzsdrwYWd9nILiMixg4=
  
  object.entries@^1.1.0:
    version "1.1.0"
    resolved "https://registry.npm.taobao.org/object.entries/download/object.entries-1.1.0.tgz#2024fc6d6ba246aee38bdb0ffd5cfbcf371b7519"
    integrity sha1-ICT8bWuiRq7ji9sP/Vz7zzcbdRk=
    dependencies:
      define-properties "^1.1.3"
      es-abstract "^1.12.0"
      function-bind "^1.1.1"
      has "^1.0.3"
  
  promises-aplus-tests@^2.1.2:
    version "2.1.2"
    resolved "https://registry.npm.taobao.org/promises-aplus-tests/download/promises-aplus-tests-2.1.2.tgz#76b7c5638968720861969cfbcd8795afd274885c"
    integrity sha1-drfFY4locghhlpz7zYeVr9J0iFw=
    dependencies:
      mocha "^2.5.3"
      sinon "^1.10.3"
      underscore "~1.8.3"
  
  safe-buffer@^5.1.2:
    version "5.2.0"
    resolved "https://registry.npm.taobao.org/safe-buffer/download/safe-buffer-5.2.0.tgz?cache=0&sync_timestamp=1562377642757&other_urls=https%3A%2F%2Fregistry.npm.taobao.org%2Fsafe-buffer%2Fdownload%2Fsafe-buffer-5.2.0.tgz#b74daec49b1148f88c64b68d49b1e815c1f2f519"
    integrity sha1-t02uxJsRSPiMZLaNSbHoFcHy9Rk=
  
  samsam@1.1.2:
    version "1.1.2"
    resolved "https://registry.npm.taobao.org/samsam/download/samsam-1.1.2.tgz#bec11fdc83a9fda063401210e40176c3024d1567"
    integrity sha1-vsEf3IOp/aBjQBIQ5AF2wwJNFWc=
  
  samsam@~1.1:
    version "1.1.3"
    resolved "https://registry.npm.taobao.org/samsam/download/samsam-1.1.3.tgz#9f5087419b4d091f232571e7fa52e90b0f552621"
    integrity sha1-n1CHQZtNCR8jJXHn+lLpCw9VJiE=
  
  sigmund@~1.0.0:
    version "1.0.1"
    resolved "https://registry.npm.taobao.org/sigmund/download/sigmund-1.0.1.tgz#3ff21f198cad2175f9f3b781853fd94d0d19b590"
    integrity sha1-P/IfGYytIXX587eBhT/ZTQ0ZtZA=
  
  sinon@^1.10.3:
    version "1.17.7"
    resolved "https://registry.npm.taobao.org/sinon/download/sinon-1.17.7.tgz#4542a4f49ba0c45c05eb2e9dd9d203e2b8efe0bf"
    integrity sha1-RUKk9JugxFwF6y6d2dID4rjv4L8=
    dependencies:
      formatio "1.1.1"
      lolex "1.3.2"
      samsam "1.1.2"
      util ">=0.10.3 <1"
  
  string.prototype.trimleft@^2.1.0:
    version "2.1.0"
    resolved "https://registry.npm.taobao.org/string.prototype.trimleft/download/string.prototype.trimleft-2.1.0.tgz?cache=0&other_urls=https%3A%2F%2Fregistry.npm.taobao.org%2Fstring.prototype.trimleft%2Fdownload%2Fstring.prototype.trimleft-2.1.0.tgz#6cc47f0d7eb8d62b0f3701611715a3954591d634"
    integrity sha1-bMR/DX641isPNwFhFxWjlUWR1jQ=
    dependencies:
      define-properties "^1.1.3"
      function-bind "^1.1.1"
  
  string.prototype.trimright@^2.1.0:
    version "2.1.0"
    resolved "https://registry.npm.taobao.org/string.prototype.trimright/download/string.prototype.trimright-2.1.0.tgz?cache=0&other_urls=https%3A%2F%2Fregistry.npm.taobao.org%2Fstring.prototype.trimright%2Fdownload%2Fstring.prototype.trimright-2.1.0.tgz#669d164be9df9b6f7559fa8e89945b168a5a6c58"
    integrity sha1-Zp0WS+nfm291WfqOiZRbFopabFg=
    dependencies:
      define-properties "^1.1.3"
      function-bind "^1.1.1"
  
  supports-color@1.2.0:
    version "1.2.0"
    resolved "https://registry.npm.taobao.org/supports-color/download/supports-color-1.2.0.tgz?cache=0&other_urls=https%3A%2F%2Fregistry.npm.taobao.org%2Fsupports-color%2Fdownload%2Fsupports-color-1.2.0.tgz#ff1ed1e61169d06b3cf2d588e188b18d8847e17e"
    integrity sha1-/x7R5hFp0Gs88tWI4YixjYhH4X4=
  
  to-iso-string@0.0.2:
    version "0.0.2"
    resolved "https://registry.npm.taobao.org/to-iso-string/download/to-iso-string-0.0.2.tgz#4dc19e664dfccbe25bd8db508b00c6da158255d1"
    integrity sha1-TcGeZk38y+Jb2NtQiwDG2hWCVdE=
  
  underscore@~1.8.3:
    version "1.8.3"
    resolved "https://registry.npm.taobao.org/underscore/download/underscore-1.8.3.tgz#4f3fb53b106e6097fcf9cb4109f2a5e9bdfa5022"
    integrity sha1-Tz+1OxBuYJf8+ctBCfKl6b36UCI=
  
  "util@>=0.10.3 <1":
    version "0.12.1"
    resolved "https://registry.npm.taobao.org/util/download/util-0.12.1.tgz#f908e7b633e7396c764e694dd14e716256ce8ade"
    integrity sha1-+QjntjPnOWx2TmlN0U5xYlbOit4=
    dependencies:
      inherits "^2.0.3"
      is-arguments "^1.0.4"
      is-generator-function "^1.0.7"
      object.entries "^1.1.0"
      safe-buffer "^5.1.2"
